<?xml version="1.0" encoding="UTF-8"?>
<!-- Generated by org.testng.reporters.JUnitReportReporter -->
<testsuite hostname="Gokul" failures="0" tests="3" name="testNG_Testcls_R.TestNG_Testcls_R" time="0.009" errors="0" timestamp="2023-01-08T21:07:43 IST" skipped="0">
  <testcase classname="testNG_Testcls_R.TestNG_Testcls_R" name="car" time="0.000"/>
  <system-out/>
  <testcase classname="testNG_Testcls_R.TestNG_Testcls_R" name="cycle" time="0.002"/>
  <system-out/>
  <testcase classname="testNG_Testcls_R.TestNG_Testcls_R" name="bike" time="0.007"/>
  <system-out/>
</testsuite> <!-- testNG_Testcls_R.TestNG_Testcls_R -->
