<?xml version="1.0" encoding="UTF-8"?>
<!-- Generated by org.testng.reporters.JUnitReportReporter -->
<testsuite hostname="Gokul" failures="0" tests="3" name="testNG_Testcls_R.Testng_annotations_Testcls_R" time="0.006" errors="0" timestamp="2023-02-01T09:54:50 IST" skipped="0">
  <testcase classname="testNG_Testcls_R.Testng_annotations_Testcls_R" name="cycle" time="0.002"/>
  <system-out/>
  <testcase classname="testNG_Testcls_R.Testng_annotations_Testcls_R" name="car" time="0.003"/>
  <system-out/>
  <testcase classname="testNG_Testcls_R.Testng_annotations_Testcls_R" name="bike" time="0.001"/>
  <system-out/>
</testsuite> <!-- testNG_Testcls_R.Testng_annotations_Testcls_R -->
