<?xml version="1.0" encoding="UTF-8"?>
<!-- Generated by org.testng.reporters.JUnitReportReporter -->
<testsuite hostname="Gokul" failures="0" tests="6" name="testNG_Testcls_R.Testng_Invocationmthd_Testcls_R" time="0.015" errors="0" timestamp="2023-01-09T12:14:53 IST" skipped="0">
  <testcase classname="testNG_Testcls_R.Testng_Invocationmthd_Testcls_R" name="car" time="0.010"/>
  <system-out/>
  <testcase classname="testNG_Testcls_R.Testng_Invocationmthd_Testcls_R" name="bike" time="0.001"/>
  <system-out/>
  <testcase classname="testNG_Testcls_R.Testng_Invocationmthd_Testcls_R" name="bike" time="0.000"/>
  <system-out/>
  <testcase classname="testNG_Testcls_R.Testng_Invocationmthd_Testcls_R" name="apple" time="0.001"/>
  <system-out/>
  <testcase classname="testNG_Testcls_R.Testng_Invocationmthd_Testcls_R" name="cycle" time="0.002"/>
  <system-out/>
  <testcase classname="testNG_Testcls_R.Testng_Invocationmthd_Testcls_R" name="cycle" time="0.001"/>
  <system-out/>
</testsuite> <!-- testNG_Testcls_R.Testng_Invocationmthd_Testcls_R -->
