<?xml version="1.0" encoding="UTF-8"?>
<!-- Generated by org.testng.reporters.JUnitReportReporter -->
<testsuite hostname="Gokul" failures="0" tests="4" name="testNG_Testcls_R.Testng_methods_Testcls_R" time="0.015" errors="0" timestamp="2023-01-09T01:16:35 IST" skipped="0">
  <testcase classname="testNG_Testcls_R.Testng_methods_Testcls_R" name="car" time="0.009"/>
  <system-out/>
  <testcase classname="testNG_Testcls_R.Testng_methods_Testcls_R" name="bike" time="0.001"/>
  <system-out/>
  <testcase classname="testNG_Testcls_R.Testng_methods_Testcls_R" name="cycle" time="0.003"/>
  <system-out/>
  <testcase classname="testNG_Testcls_R.Testng_methods_Testcls_R" name="apple" time="0.002"/>
  <system-out/>
</testsuite> <!-- testNG_Testcls_R.Testng_methods_Testcls_R -->
